app/build/intermediates/manifest_merge_blame_file/debug/manifest-merger-blame-debug-report.txt
1<?xml version="1.0" encoding="utf-8"?>
2<manifest xmlns:android="http://schemas.android.com/apk/res/android"
3    package="eco.emergi.embit"
4    android:versionCode="1"
5    android:versionName="1.0" >
6
7    <uses-sdk
8        android:minSdkVersion="15"
8-->src\main\AndroidManifest.xml
9        android:targetSdkVersion="30" />
9-->src\main\AndroidManifest.xml
10
11    <application
11-->src\main\AndroidManifest.xml:5:5-31:19
12        android:allowBackup="true"
12-->src\main\AndroidManifest.xml:6:9-35
13        android:appComponentFactory="androidx.core.app.CoreComponentFactory"
13-->[androidx.core:core:1.3.2] AndroidManifest.xml:24:18-86
14        android:debuggable="true"
15        android:icon="@mipmap/ic_launcher"
15-->src\main\AndroidManifest.xml:7:9-43
16        android:label="@string/app_name"
16-->src\main\AndroidManifest.xml:8:9-41
17        android:roundIcon="@mipmap/ic_launcher_round"
17-->src\main\AndroidManifest.xml:9:9-54
18        android:supportsRtl="true"
18-->src\main\AndroidManifest.xml:10:9-35
19        android:testOnly="true"
20        android:theme="@style/AppTheme" >
20-->src\main\AndroidManifest.xml:11:9-40
21        <activity
21-->src\main\AndroidManifest.xml:12:9-21:20
22            android:name="eco.emergi.embit.MainActivity"
22-->src\main\AndroidManifest.xml:13:13-41
23            android:label="@string/app_name"
23-->src\main\AndroidManifest.xml:14:13-45
24            android:theme="@style/AppTheme.NoActionBar" >
24-->src\main\AndroidManifest.xml:15:13-56
25            <intent-filter>
25-->src\main\AndroidManifest.xml:16:13-20:29
26                <action android:name="android.intent.action.MAIN" />
26-->src\main\AndroidManifest.xml:17:17-69
26-->src\main\AndroidManifest.xml:17:25-66
27
28                <category android:name="android.intent.category.LAUNCHER" />
28-->src\main\AndroidManifest.xml:19:17-77
28-->src\main\AndroidManifest.xml:19:27-74
29            </intent-filter>
30        </activity>
31
32        <receiver android:name="eco.emergi.embit.BatteryReceiver" >
32-->src\main\AndroidManifest.xml:22:9-30:20
32-->src\main\AndroidManifest.xml:22:19-66
33            <intent-filter>
33-->src\main\AndroidManifest.xml:23:13-29:29
34                <action android:name="android.intent.action.BATTERY_LOW" />
34-->src\main\AndroidManifest.xml:24:17-75
34-->src\main\AndroidManifest.xml:24:25-73
35                <action android:name="android.intent.action.BATTERY_OKAY" />
35-->src\main\AndroidManifest.xml:25:17-76
35-->src\main\AndroidManifest.xml:25:25-74
36                <action android:name="android.intent.action.ACTION_POWER_CONNECTED" />
36-->src\main\AndroidManifest.xml:26:17-86
36-->src\main\AndroidManifest.xml:26:25-84
37                <action android:name="android.intent.action.ACTION_POWER_DISCONNECTED" />
37-->src\main\AndroidManifest.xml:27:17-89
37-->src\main\AndroidManifest.xml:27:25-87
38                <action android:name="android.intent.action.ACTION_POWER_DISCONNECTED" />
38-->src\main\AndroidManifest.xml:27:17-89
38-->src\main\AndroidManifest.xml:27:25-87
39            </intent-filter>
40        </receiver>
41
42        <service
42-->[androidx.room:room-runtime:2.2.5] AndroidManifest.xml:25:9-28:40
43            android:name="androidx.room.MultiInstanceInvalidationService"
43-->[androidx.room:room-runtime:2.2.5] AndroidManifest.xml:26:13-74
44            android:directBootAware="true"
44-->[androidx.room:room-runtime:2.2.5] AndroidManifest.xml:27:13-43
45            android:exported="false" />
45-->[androidx.room:room-runtime:2.2.5] AndroidManifest.xml:28:13-37
46    </application>
47
48</manifest>